# JRE version: Java(TM) SE Runtime Environment (8.0_144-b01) (build 1.8.0_144-b01)
# Java VM: Java HotSpot(TM) 64-Bit Server VM (25.144-b01 mixed mode windows-amd64 compressed oops)
Heap:
 PSYoungGen      total 29184K, used 10304K [0x00000000e0000000, 0x00000000ef780000, 0x0000000100000000)
  eden space 28160K, 32% used [0x00000000e0000000,0x00000000e0910368,0x00000000e1b80000)
  from space 1024K, 100% used [0x00000000ef680000,0x00000000ef780000,0x00000000ef780000)
  to   space 1536K, 0% used [0x00000000ef480000,0x00000000ef480000,0x00000000ef600000)
 ParOldGen       total 82432K, used 32167K [0x00000000a0000000, 0x00000000a5080000, 0x00000000e0000000)
  object space 82432K, 39% used [0x00000000a0000000,0x00000000a1f69e00,0x00000000a5080000)
 Metaspace       used 66593K, capacity 70225K, committed 71088K, reserved 1112064K
  class space    used 8600K, capacity 9246K, committed 9392K, reserved 1048576K
GC Heap History (10 events):
Event: 244903.619 GC heap before
{Heap before GC invocations=362 (full 9):
 PSYoungGen      total 28672K, used 28208K [0x00000000e0000000, 0x00000000ef800000, 0x0000000100000000)
  eden space 27648K, 100% used [0x00000000e0000000,0x00000000e1b00000,0x00000000e1b00000)
  from space 1024K, 54% used [0x00000000ef700000,0x00000000ef78c110,0x00000000ef800000)
  to   space 1024K, 0% used [0x00000000ef600000,0x00000000ef600000,0x00000000ef700000)
 ParOldGen       total 82432K, used 41294K [0x00000000a0000000, 0x00000000a5080000, 0x00000000e0000000)
  object space 82432K, 50% used [0x00000000a0000000,0x00000000a2853a60,0x00000000a5080000)
 Metaspace       used 66886K, capacity 70799K, committed 71088K, reserved 1112064K
  class space    used 8656K, capacity 9350K, committed 9392K, reserved 1048576K
Event: 244903.625 GC heap after
Heap after GC invocations=362 (full 9):
 PSYoungGen      total 28672K, used 528K [0x00000000e0000000, 0x00000000ef780000, 0x0000000100000000)
  eden space 27648K, 0% used [0x00000000e0000000,0x00000000e0000000,0x00000000e1b00000)
  from space 1024K, 51% used [0x00000000ef600000,0x00000000ef684110,0x00000000ef700000)
  to   space 512K, 0% used [0x00000000ef700000,0x00000000ef700000,0x00000000ef780000)
 ParOldGen       total 82432K, used 41294K [0x00000000a0000000, 0x00000000a5080000, 0x00000000e0000000)
  object space 82432K, 50% used [0x00000000a0000000,0x00000000a2853a60,0x00000000a5080000)
 Metaspace       used 66886K, capacity 70799K, committed 71088K, reserved 1112064K
  class space    used 8656K, capacity 9350K, committed 9392K, reserved 1048576K
}
Event: 245130.822 GC heap before
{Heap before GC invocations=363 (full 9):
 PSYoungGen      total 28672K, used 28176K [0x00000000e0000000, 0x00000000ef780000, 0x0000000100000000)
  eden space 27648K, 100% used [0x00000000e0000000,0x00000000e1b00000,0x00000000e1b00000)
  from space 1024K, 51% used [0x00000000ef600000,0x00000000ef684110,0x00000000ef700000)
  to   space 512K, 0% used [0x00000000ef700000,0x00000000ef700000,0x00000000ef780000)
 ParOldGen       total 82432K, used 41294K [0x00000000a0000000, 0x00000000a5080000, 0x00000000e0000000)
  object space 82432K, 50% used [0x00000000a0000000,0x00000000a2853a60,0x00000000a5080000)
 Metaspace       used 66886K, capacity 70799K, committed 71088K, reserved 1112064K
  class space    used 8656K, capacity 9350K, committed 9392K, reserved 1048576K
Event: 245130.835 GC heap after
Heap after GC invocations=363 (full 9):
 PSYoungGen      total 28160K, used 496K [0x00000000e0000000, 0x00000000ef780000, 0x0000000100000000)
  eden space 27648K, 0% used [0x00000000e0000000,0x00000000e0000000,0x00000000e1b00000)
  from space 512K, 96% used [0x00000000ef700000,0x00000000ef77c110,0x00000000ef780000)
  to   space 1024K, 0% used [0x00000000ef580000,0x00000000ef580000,0x00000000ef680000)
 ParOldGen       total 82432K, used 41318K [0x00000000a0000000, 0x00000000a5080000, 0x00000000e0000000)
  object space 82432K, 50% used [0x00000000a0000000,0x00000000a2859a60,0x00000000a5080000)
 Metaspace       used 66886K, capacity 70799K, committed 71088K, reserved 1112064K
  class space    used 8656K, capacity 9350K, committed 9392K, reserved 1048576K
}
Event: 245149.456 GC heap before
{Heap before GC invocations=364 (full 9):
 PSYoungGen      total 28160K, used 4463K [0x00000000e0000000, 0x00000000ef780000, 0x0000000100000000)
  eden space 27648K, 14% used [0x00000000e0000000,0x00000000e03dfbb0,0x00000000e1b00000)
  from space 512K, 96% used [0x00000000ef700000,0x00000000ef77c110,0x00000000ef780000)
  to   space 1024K, 0% used [0x00000000ef580000,0x00000000ef580000,0x00000000ef680000)
 ParOldGen       total 82432K, used 41318K [0x00000000a0000000, 0x00000000a5080000, 0x00000000e0000000)
  object space 82432K, 50% used [0x00000000a0000000,0x00000000a2859a60,0x00000000a5080000)
 Metaspace       used 66894K, capacity 70805K, committed 71088K, reserved 1112064K
  class space    used 8656K, capacity 9352K, committed 9392K, reserved 1048576K
Event: 245149.465 GC heap after
Heap after GC invocations=364 (full 9):
 PSYoungGen      total 28672K, used 304K [0x00000000e0000000, 0x00000000ef780000, 0x0000000100000000)
  eden space 27648K, 0% used [0x00000000e0000000,0x00000000e0000000,0x00000000e1b00000)
  from space 1024K, 29% used [0x00000000ef580000,0x00000000ef5cc030,0x00000000ef680000)
  to   space 1024K, 0% used [0x00000000ef680000,0x00000000ef680000,0x00000000ef780000)
 ParOldGen       total 82432K, used 41454K [0x00000000a0000000, 0x00000000a5080000, 0x00000000e0000000)
  object space 82432K, 50% used [0x00000000a0000000,0x00000000a287bac0,0x00000000a5080000)
 Metaspace       used 66894K, capacity 70805K, committed 71088K, reserved 1112064K
  class space    used 8656K, capacity 9352K, committed 9392K, reserved 1048576K
}
Event: 245149.466 GC heap before
{Heap before GC invocations=365 (full 10):
 PSYoungGen      total 28672K, used 304K [0x00000000e0000000, 0x00000000ef780000, 0x0000000100000000)
  eden space 27648K, 0% used [0x00000000e0000000,0x00000000e0000000,0x00000000e1b00000)
  from space 1024K, 29% used [0x00000000ef580000,0x00000000ef5cc030,0x00000000ef680000)
  to   space 1024K, 0% used [0x00000000ef680000,0x00000000ef680000,0x00000000ef780000)
 ParOldGen       total 82432K, used 41454K [0x00000000a0000000, 0x00000000a5080000, 0x00000000e0000000)
  object space 82432K, 50% used [0x00000000a0000000,0x00000000a287bac0,0x00000000a5080000)
 Metaspace       used 66894K, capacity 70805K, committed 71088K, reserved 1112064K
  class space    used 8656K, capacity 9352K, committed 9392K, reserved 1048576K
Event: 245154.802 GC heap after
Heap after GC invocations=365 (full 10):
 PSYoungGen      total 28672K, used 0K [0x00000000e0000000, 0x00000000ef780000, 0x0000000100000000)
  eden space 27648K, 0% used [0x00000000e0000000,0x00000000e0000000,0x00000000e1b00000)
  from space 1024K, 0% used [0x00000000ef580000,0x00000000ef580000,0x00000000ef680000)
  to   space 1024K, 0% used [0x00000000ef680000,0x00000000ef680000,0x00000000ef780000)
 ParOldGen       total 82432K, used 31108K [0x00000000a0000000, 0x00000000a5080000, 0x00000000e0000000)
  object space 82432K, 37% used [0x00000000a0000000,0x00000000a1e611b8,0x00000000a5080000)
 Metaspace       used 66526K, capacity 70067K, committed 71088K, reserved 1112064K
  class space    used 8588K, capacity 9228K, committed 9392K, reserved 1048576K
}
Event: 245155.061 GC heap before
{Heap before GC invocations=366 (full 10):
 PSYoungGen      total 28672K, used 27648K [0x00000000e0000000, 0x00000000ef780000, 0x0000000100000000)
  eden space 27648K, 100% used [0x00000000e0000000,0x00000000e1b00000,0x00000000e1b00000)
  from space 1024K, 0% used [0x00000000ef580000,0x00000000ef580000,0x00000000ef680000)
  to   space 1024K, 0% used [0x00000000ef680000,0x00000000ef680000,0x00000000ef780000)
 ParOldGen       total 82432K, used 31108K [0x00000000a0000000, 0x00000000a5080000, 0x00000000e0000000)
  object space 82432K, 37% used [0x00000000a0000000,0x00000000a1e611b8,0x00000000a5080000)
 Metaspace       used 66581K, capacity 70207K, committed 71088K, reserved 1112064K
  class space    used 8599K, capacity 9243K, committed 9392K, reserved 1048576K
Event: 245155.074 GC heap after
Heap after GC invocations=366 (full 10):
 PSYoungGen      total 29184K, used 1024K [0x00000000e0000000, 0x00000000ef780000, 0x0000000100000000)
  eden space 28160K, 0% used [0x00000000e0000000,0x00000000e0000000,0x00000000e1b80000)
  from space 1024K, 100% used [0x00000000ef680000,0x00000000ef780000,0x00000000ef780000)
  to   space 1536K, 0% used [0x00000000ef480000,0x00000000ef480000,0x00000000ef600000)
 ParOldGen       total 82432K, used 32167K [0x00000000a0000000, 0x00000000a5080000, 0x00000000e0000000)
  object space 82432K, 39% used [0x00000000a0000000,0x00000000a1f69e00,0x00000000a5080000)
 Metaspace       used 66581K, capacity 70207K, committed 71088K, reserved 1112064K
  class space    used 8599K, capacity 9243K, committed 9392K, reserved 1048576K
}

